<?xml version="1.0" encoding="UTF-8"?>
<!-- Generated by org.testng.reporters.JUnitReportReporter -->
<testsuite skipped="0" hostname="DESKTOP-6O71TLU" name="testNGGroupID.testNGArtifactID.ToursLoginLogoutTest2" tests="8" failures="0" timestamp="01 Jun 2018 02:47:38 GMT" time="11.986" errors="0">
  <testcase name="loginTestwithcorrectcredentials" time="3.909" classname="testNGGroupID.testNGArtifactID.ToursLoginLogoutTest2"/>
  <testcase name="loginTestwithwrongcredentials" time="1.147" classname="testNGGroupID.testNGArtifactID.ToursLoginLogoutTest2"/>
  <testcase name="loginTestwithwrongcredentials" time="1.124" classname="testNGGroupID.testNGArtifactID.ToursLoginLogoutTest2"/>
  <testcase name="loginTestwithwrongcredentials" time="1.139" classname="testNGGroupID.testNGArtifactID.ToursLoginLogoutTest2"/>
  <testcase name="loginTestwithwrongcredentials" time="1.190" classname="testNGGroupID.testNGArtifactID.ToursLoginLogoutTest2"/>
  <testcase name="loginTestwithwrongcredentials" time="1.119" classname="testNGGroupID.testNGArtifactID.ToursLoginLogoutTest2"/>
  <testcase name="loginTestwithwrongcredentials" time="1.126" classname="testNGGroupID.testNGArtifactID.ToursLoginLogoutTest2"/>
  <testcase name="loginTestwithwrongcredentials" time="1.232" classname="testNGGroupID.testNGArtifactID.ToursLoginLogoutTest2"/>
</testsuite> <!-- testNGGroupID.testNGArtifactID.ToursLoginLogoutTest2 -->
