<?xml version="1.0" encoding="UTF-8"?>
<!-- Generated by org.testng.reporters.JUnitReportReporter -->
<testsuite skipped="0" hostname="DESKTOP-6O71TLU" name="testNGGroupID.testNGArtifactID.ToursLoginLogoutTest3DataDrivenTest" tests="5" failures="0" timestamp="01 Jun 2018 02:33:56 GMT" time="8.901" errors="0">
  <testcase name="tc2" time="1.141" classname="testNGGroupID.testNGArtifactID.ToursLoginLogoutTest3DataDrivenTest"/>
  <testcase name="test2" time="1.286" classname="testNGGroupID.testNGArtifactID.ToursLoginLogoutTest3DataDrivenTest"/>
  <testcase name="loginTestwithcorrectcredentials" time="4.033" classname="testNGGroupID.testNGArtifactID.ToursLoginLogoutTest3DataDrivenTest"/>
  <testcase name="tc3" time="1.274" classname="testNGGroupID.testNGArtifactID.ToursLoginLogoutTest3DataDrivenTest"/>
  <testcase name="loginTestwithwrongcredentials" time="1.167" classname="testNGGroupID.testNGArtifactID.ToursLoginLogoutTest3DataDrivenTest"/>
</testsuite> <!-- testNGGroupID.testNGArtifactID.ToursLoginLogoutTest3DataDrivenTest -->
