<?xml version="1.0" encoding="UTF-8"?>
<!-- Generated by org.testng.reporters.JUnitReportReporter -->
<testsuite skipped="0" hostname="DESKTOP-6O71TLU" name="emailCheck.NewTest" tests="1" failures="0" timestamp="04 Oct 2018 02:39:05 GMT" time="57.940" errors="0">
  <testcase name="clickEmailAndCheckContent" time="57.940" classname="emailCheck.NewTest"/>
</testsuite> <!-- emailCheck.NewTest -->
