<?xml version="1.0" encoding="UTF-8"?>
<!-- Generated by org.testng.reporters.JUnitReportReporter -->
<testsuite skipped="0" hostname="DESKTOP-6O71TLU" name="emailCheck.Base" tests="1" failures="0" timestamp="03 Oct 2018 14:11:43 GMT" time="43.525" errors="0">
  <testcase name="clickEmailAndCheckContent" time="43.525" classname="emailCheck.Base"/>
</testsuite> <!-- emailCheck.Base -->
