<?xml version="1.0" encoding="UTF-8"?>
<!-- Generated by org.testng.reporters.JUnitReportReporter -->
<testsuite skipped="0" hostname="DESKTOP-6O71TLU" name="testNGGroupID.testNGArtifactID.ToursLonginLogoutTest" tests="2" failures="0" timestamp="09 Nov 2017 19:14:02 GMT" time="0.022" errors="0">
  <testcase name="LoginTest" time="0.020" classname="testNGGroupID.testNGArtifactID.ToursLonginLogoutTest"/>
  <testcase name="LogoutTest" time="0.002" classname="testNGGroupID.testNGArtifactID.ToursLonginLogoutTest"/>
</testsuite> <!-- testNGGroupID.testNGArtifactID.ToursLonginLogoutTest -->
